Info in <TUnixSystem::ACLiC>: creating shared library /mnt_pool/c3_users/user/cvico/WorkSpace/wz-run3/release/CMSSW_12_4_12/src/CMGTools/TTHAnalysis/python/plotter/./wz-run3/functionsWZ_cc.so
In file included from input_line_9:6:
././wz-run3/functionsWZ.cc:183:1: warning: control may reach end of non-void function [-Wreturn-type]
}
^
././wz-run3/functionsWZ.cc:192:1: warning: control may reach end of non-void function [-Wreturn-type]
}
^
././wz-run3/functionsWZ.cc:202:1: warning: control may reach end of non-void function [-Wreturn-type]
}
^
././wz-run3/functionsWZ.cc:213:1: warning: control may reach end of non-void function [-Wreturn-type]
}
^
././wz-run3/functionsWZ.cc:223:1: warning: control may reach end of non-void function [-Wreturn-type]
}
^
././wz-run3/functionsWZ.cc:233:1: warning: control may reach end of non-void function [-Wreturn-type]
}
^
././wz-run3/functionsWZ.cc:283:1: warning: control may reach end of non-void function [-Wreturn-type]
}
^
././wz-run3/functionsWZ.cc:294:1: warning: control may reach end of non-void function [-Wreturn-type]
}
^
In file included from [01m[K/mnt_pool/c3_users/user/cvico/WorkSpace/wz-run3/release/CMSSW_12_4_12/src/CMGTools/TTHAnalysis/python/plotter/./wz-run3/functionsWZ_cc_ACLiC_dict.cxx:41[m[K:
[01m[K/mnt_pool/c3_users/user/cvico/WorkSpace/wz-run3/release/CMSSW_12_4_12/src/CMGTools/TTHAnalysis/python/plotter/./wz-run3/functionsWZ.cc:[m[K In function '[01m[KFloat_t WZ_weight_W16(Float_t, Int_t)[m[K':
[01m[K/mnt_pool/c3_users/user/cvico/WorkSpace/wz-run3/release/CMSSW_12_4_12/src/CMGTools/TTHAnalysis/python/plotter/./wz-run3/functionsWZ.cc:183:1:[m[K [01;35m[Kwarning: [m[Kcontrol reaches end of non-void function [[01;35m[K-Wreturn-type[m[K]
  183 | [01;35m[K}[m[K
      | [01;35m[K^[m[K
[01m[K/mnt_pool/c3_users/user/cvico/WorkSpace/wz-run3/release/CMSSW_12_4_12/src/CMGTools/TTHAnalysis/python/plotter/./wz-run3/functionsWZ.cc:[m[K In function '[01m[KFloat_t WZ_weight_Wp16(Float_t, Int_t)[m[K':
[01m[K/mnt_pool/c3_users/user/cvico/WorkSpace/wz-run3/release/CMSSW_12_4_12/src/CMGTools/TTHAnalysis/python/plotter/./wz-run3/functionsWZ.cc:192:1:[m[K [01;35m[Kwarning: [m[Kcontrol reaches end of non-void function [[01;35m[K-Wreturn-type[m[K]
  192 | [01;35m[K}[m[K
      | [01;35m[K^[m[K
[01m[K/mnt_pool/c3_users/user/cvico/WorkSpace/wz-run3/release/CMSSW_12_4_12/src/CMGTools/TTHAnalysis/python/plotter/./wz-run3/functionsWZ.cc:[m[K In function '[01m[KFloat_t WZ_weight_Wm16(Float_t, Int_t)[m[K':
[01m[K/mnt_pool/c3_users/user/cvico/WorkSpace/wz-run3/release/CMSSW_12_4_12/src/CMGTools/TTHAnalysis/python/plotter/./wz-run3/functionsWZ.cc:202:1:[m[K [01;35m[Kwarning: [m[Kcontrol reaches end of non-void function [[01;35m[K-Wreturn-type[m[K]
  202 | [01;35m[K}[m[K
      | [01;35m[K^[m[K
[01m[K/mnt_pool/c3_users/user/cvico/WorkSpace/wz-run3/release/CMSSW_12_4_12/src/CMGTools/TTHAnalysis/python/plotter/./wz-run3/functionsWZ.cc:[m[K In function '[01m[KFloat_t WZ_weight_Z16(Float_t, Int_t)[m[K':
[01m[K/mnt_pool/c3_users/user/cvico/WorkSpace/wz-run3/release/CMSSW_12_4_12/src/CMGTools/TTHAnalysis/python/plotter/./wz-run3/functionsWZ.cc:213:1:[m[K [01;35m[Kwarning: [m[Kcontrol reaches end of non-void function [[01;35m[K-Wreturn-type[m[K]
  213 | [01;35m[K}[m[K
      | [01;35m[K^[m[K
[01m[K/mnt_pool/c3_users/user/cvico/WorkSpace/wz-run3/release/CMSSW_12_4_12/src/CMGTools/TTHAnalysis/python/plotter/./wz-run3/functionsWZ.cc:[m[K In function '[01m[KFloat_t WZ_weight_Zm16(Float_t, Int_t)[m[K':
[01m[K/mnt_pool/c3_users/user/cvico/WorkSpace/wz-run3/release/CMSSW_12_4_12/src/CMGTools/TTHAnalysis/python/plotter/./wz-run3/functionsWZ.cc:223:1:[m[K [01;35m[Kwarning: [m[Kcontrol reaches end of non-void function [[01;35m[K-Wreturn-type[m[K]
  223 | [01;35m[K}[m[K
      | [01;35m[K^[m[K
[01m[K/mnt_pool/c3_users/user/cvico/WorkSpace/wz-run3/release/CMSSW_12_4_12/src/CMGTools/TTHAnalysis/python/plotter/./wz-run3/functionsWZ.cc:[m[K In function '[01m[KFloat_t WZ_weight_Zp16(Float_t, Int_t)[m[K':
[01m[K/mnt_pool/c3_users/user/cvico/WorkSpace/wz-run3/release/CMSSW_12_4_12/src/CMGTools/TTHAnalysis/python/plotter/./wz-run3/functionsWZ.cc:233:1:[m[K [01;35m[Kwarning: [m[Kcontrol reaches end of non-void function [[01;35m[K-Wreturn-type[m[K]
  233 | [01;35m[K}[m[K
      | [01;35m[K^[m[K
[01m[K/mnt_pool/c3_users/user/cvico/WorkSpace/wz-run3/release/CMSSW_12_4_12/src/CMGTools/TTHAnalysis/python/plotter/./wz-run3/functionsWZ.cc:[m[K In function '[01m[Kfloat ISRUp(int)[m[K':
[01m[K/mnt_pool/c3_users/user/cvico/WorkSpace/wz-run3/release/CMSSW_12_4_12/src/CMGTools/TTHAnalysis/python/plotter/./wz-run3/functionsWZ.cc:283:1:[m[K [01;35m[Kwarning: [m[Kcontrol reaches end of non-void function [[01;35m[K-Wreturn-type[m[K]
  283 | [01;35m[K}[m[K
      | [01;35m[K^[m[K
[01m[K/mnt_pool/c3_users/user/cvico/WorkSpace/wz-run3/release/CMSSW_12_4_12/src/CMGTools/TTHAnalysis/python/plotter/./wz-run3/functionsWZ.cc:[m[K In function '[01m[Kfloat ISRDn(int)[m[K':
[01m[K/mnt_pool/c3_users/user/cvico/WorkSpace/wz-run3/release/CMSSW_12_4_12/src/CMGTools/TTHAnalysis/python/plotter/./wz-run3/functionsWZ.cc:294:1:[m[K [01;35m[Kwarning: [m[Kcontrol reaches end of non-void function [[01;35m[K-Wreturn-type[m[K]
  294 | [01;35m[K}[m[K
      | [01;35m[K^[m[K
In file included from [01m[K/mnt_pool/c3_users/user/cvico/WorkSpace/wz-run3/release/CMSSW_12_4_12/src/CMGTools/TTHAnalysis/python/plotter/./wz-run3/functionsWZ_cc_ACLiC_dict.cxx:41[m[K:
[01m[K/mnt_pool/c3_users/user/cvico/WorkSpace/wz-run3/release/CMSSW_12_4_12/src/CMGTools/TTHAnalysis/python/plotter/./wz-run3/functionsWZ.cc:[m[K In function '[01m[KFloat_t WZ_weight_W16(Float_t, Int_t)[m[K':
[01m[K/mnt_pool/c3_users/user/cvico/WorkSpace/wz-run3/release/CMSSW_12_4_12/src/CMGTools/TTHAnalysis/python/plotter/./wz-run3/functionsWZ.cc:183:1:[m[K [01;35m[Kwarning: [m[Kcontrol reaches end of non-void function [[01;35m[K-Wreturn-type[m[K]
  183 | [01;35m[K}[m[K
      | [01;35m[K^[m[K
[01m[K/mnt_pool/c3_users/user/cvico/WorkSpace/wz-run3/release/CMSSW_12_4_12/src/CMGTools/TTHAnalysis/python/plotter/./wz-run3/functionsWZ.cc:[m[K In function '[01m[KFloat_t WZ_weight_Wp16(Float_t, Int_t)[m[K':
[01m[K/mnt_pool/c3_users/user/cvico/WorkSpace/wz-run3/release/CMSSW_12_4_12/src/CMGTools/TTHAnalysis/python/plotter/./wz-run3/functionsWZ.cc:192:1:[m[K [01;35m[Kwarning: [m[Kcontrol reaches end of non-void function [[01;35m[K-Wreturn-type[m[K]
  192 | [01;35m[K}[m[K
      | [01;35m[K^[m[K
[01m[K/mnt_pool/c3_users/user/cvico/WorkSpace/wz-run3/release/CMSSW_12_4_12/src/CMGTools/TTHAnalysis/python/plotter/./wz-run3/functionsWZ.cc:[m[K In function '[01m[KFloat_t WZ_weight_Wm16(Float_t, Int_t)[m[K':
[01m[K/mnt_pool/c3_users/user/cvico/WorkSpace/wz-run3/release/CMSSW_12_4_12/src/CMGTools/TTHAnalysis/python/plotter/./wz-run3/functionsWZ.cc:202:1:[m[K [01;35m[Kwarning: [m[Kcontrol reaches end of non-void function [[01;35m[K-Wreturn-type[m[K]
  202 | [01;35m[K}[m[K
      | [01;35m[K^[m[K
[01m[K/mnt_pool/c3_users/user/cvico/WorkSpace/wz-run3/release/CMSSW_12_4_12/src/CMGTools/TTHAnalysis/python/plotter/./wz-run3/functionsWZ.cc:[m[K In function '[01m[KFloat_t WZ_weight_Z16(Float_t, Int_t)[m[K':
[01m[K/mnt_pool/c3_users/user/cvico/WorkSpace/wz-run3/release/CMSSW_12_4_12/src/CMGTools/TTHAnalysis/python/plotter/./wz-run3/functionsWZ.cc:213:1:[m[K [01;35m[Kwarning: [m[Kcontrol reaches end of non-void function [[01;35m[K-Wreturn-type[m[K]
  213 | [01;35m[K}[m[K
      | [01;35m[K^[m[K
[01m[K/mnt_pool/c3_users/user/cvico/WorkSpace/wz-run3/release/CMSSW_12_4_12/src/CMGTools/TTHAnalysis/python/plotter/./wz-run3/functionsWZ.cc:[m[K In function '[01m[KFloat_t WZ_weight_Zm16(Float_t, Int_t)[m[K':
[01m[K/mnt_pool/c3_users/user/cvico/WorkSpace/wz-run3/release/CMSSW_12_4_12/src/CMGTools/TTHAnalysis/python/plotter/./wz-run3/functionsWZ.cc:223:1:[m[K [01;35m[Kwarning: [m[Kcontrol reaches end of non-void function [[01;35m[K-Wreturn-type[m[K]
  223 | [01;35m[K}[m[K
      | [01;35m[K^[m[K
[01m[K/mnt_pool/c3_users/user/cvico/WorkSpace/wz-run3/release/CMSSW_12_4_12/src/CMGTools/TTHAnalysis/python/plotter/./wz-run3/functionsWZ.cc:[m[K In function '[01m[KFloat_t WZ_weight_Zp16(Float_t, Int_t)[m[K':
[01m[K/mnt_pool/c3_users/user/cvico/WorkSpace/wz-run3/release/CMSSW_12_4_12/src/CMGTools/TTHAnalysis/python/plotter/./wz-run3/functionsWZ.cc:233:1:[m[K [01;35m[Kwarning: [m[Kcontrol reaches end of non-void function [[01;35m[K-Wreturn-type[m[K]
  233 | [01;35m[K}[m[K
      | [01;35m[K^[m[K
[01m[K/mnt_pool/c3_users/user/cvico/WorkSpace/wz-run3/release/CMSSW_12_4_12/src/CMGTools/TTHAnalysis/python/plotter/./wz-run3/functionsWZ.cc:[m[K In function '[01m[Kfloat ISRUp(int)[m[K':
[01m[K/mnt_pool/c3_users/user/cvico/WorkSpace/wz-run3/release/CMSSW_12_4_12/src/CMGTools/TTHAnalysis/python/plotter/./wz-run3/functionsWZ.cc:283:1:[m[K [01;35m[Kwarning: [m[Kcontrol reaches end of non-void function [[01;35m[K-Wreturn-type[m[K]
  283 | [01;35m[K}[m[K
      | [01;35m[K^[m[K
[01m[K/mnt_pool/c3_users/user/cvico/WorkSpace/wz-run3/release/CMSSW_12_4_12/src/CMGTools/TTHAnalysis/python/plotter/./wz-run3/functionsWZ.cc:[m[K In function '[01m[Kfloat ISRDn(int)[m[K':
[01m[K/mnt_pool/c3_users/user/cvico/WorkSpace/wz-run3/release/CMSSW_12_4_12/src/CMGTools/TTHAnalysis/python/plotter/./wz-run3/functionsWZ.cc:294:1:[m[K [01;35m[Kwarning: [m[Kcontrol reaches end of non-void function [[01;35m[K-Wreturn-type[m[K]
  294 | [01;35m[K}[m[K
      | [01;35m[K^[m[K
Info in <ACLiC>: unmodified script has already been compiled and loaded
Error in <TTreeFormula::Compile>:  Bad numerical expression : "year"
Info in <TSelectorDraw::AbortProcess>: Variable compilation failed: {m3Lmet,(1)*(29.62)*((genWeight)*(16.52)*0.0008485)*((1) && (Flag_goodVertices && Flag_globalSuperTightHalo2016Filter && Flag_HBHENoiseFilter && Flag_HBHENoiseIsoFilter && Flag_EcalDeadCellTriggerPrimitiveFilter && Flag_BadPFMuonFilter && (Flag_ecalBadCalibFilter || (year == 2016))  ) && (Trigger_3l) && (nLepSel >= 3) && (allTight(LepSel_isTight[0], LepSel_isTight[1], LepSel_isTight[2])) && (LepZ1_pt >= 25 && LepZ2_pt >= 10 && LepW_pt >= 25) && (minMllSFOS_Mini > 12 || minMllSFOS_Mini == -1) && (abs(LepSel_pdgId[0]) < 15 && abs(LepSel_pdgId[1]) < 15 && abs(LepSel_pdgId[2]) < 15 && nOSSF_3l >= 1) && (m3L >= 100  &&   MET_pt_central  > 30 && abs(mll_3l - 91.16) < 15 && nLepGood < 4 && nBJetTight25_Mini == 0) && (m3L >= 100  && abs(mll_3l - 91.16) < 15 && nLepGood < 4 && nBJetTight25_Mini == 0))}
Error in <TTreeFormula::Compile>:  Bad numerical expression : "year"
Info in <TSelectorDraw::AbortProcess>: Variable compilation failed: {m3Lmet,(1)*(29.62)*((genWeight)*(54.2776)*0.000127303)*((1) && (Flag_goodVertices && Flag_globalSuperTightHalo2016Filter && Flag_HBHENoiseFilter && Flag_HBHENoiseIsoFilter && Flag_EcalDeadCellTriggerPrimitiveFilter && Flag_BadPFMuonFilter && (Flag_ecalBadCalibFilter || (year == 2016))  ) && (Trigger_3l) && (nLepSel >= 3) && (allTight(LepSel_isTight[0], LepSel_isTight[1], LepSel_isTight[2])) && (LepZ1_pt >= 25 && LepZ2_pt >= 10 && LepW_pt >= 25) && (minMllSFOS_Mini > 12 || minMllSFOS_Mini == -1) && (abs(LepSel_pdgId[0]) < 15 && abs(LepSel_pdgId[1]) < 15 && abs(LepSel_pdgId[2]) < 15 && nOSSF_3l >= 1) && (m3L >= 100  &&   MET_pt_central  > 30 && abs(mll_3l - 91.16) < 15 && nLepGood < 4 && nBJetTight25_Mini == 0) && (m3L >= 100  && abs(mll_3l - 91.16) < 15 && nLepGood < 4 && nBJetTight25_Mini == 0))}
Error in <TTreeFormula::Compile>:  Bad numerical expression : "year"
Info in <TSelectorDraw::AbortProcess>: Variable compilation failed: {m3Lmet,(1)*(29.62)*((genWeight)*(115)*6.45653e-05)*((1) && (Flag_goodVertices && Flag_globalSuperTightHalo2016Filter && Flag_HBHENoiseFilter && Flag_HBHENoiseIsoFilter && Flag_EcalDeadCellTriggerPrimitiveFilter && Flag_BadPFMuonFilter && (Flag_ecalBadCalibFilter || (year == 2016))  ) && (Trigger_3l) && (nLepSel >= 3) && (allTight(LepSel_isTight[0], LepSel_isTight[1], LepSel_isTight[2])) && (LepZ1_pt >= 25 && LepZ2_pt >= 10 && LepW_pt >= 25) && (minMllSFOS_Mini > 12 || minMllSFOS_Mini == -1) && (abs(LepSel_pdgId[0]) < 15 && abs(LepSel_pdgId[1]) < 15 && abs(LepSel_pdgId[2]) < 15 && nOSSF_3l >= 1) && (m3L >= 100  &&   MET_pt_central  > 30 && abs(mll_3l - 91.16) < 15 && nLepGood < 4 && nBJetTight25_Mini == 0) && (m3L >= 100  && abs(mll_3l - 91.16) < 15 && nLepGood < 4 && nBJetTight25_Mini == 0))}
Error in <TTreeFormula::Compile>:  Bad numerical expression : "year"
Info in <TSelectorDraw::AbortProcess>: Variable compilation failed: {m3Lmet,(1)*(29.62)*((genWeight)*(19317.5)*2.69829e-05)*((1) && (Flag_goodVertices && Flag_globalSuperTightHalo2016Filter && Flag_HBHENoiseFilter && Flag_HBHENoiseIsoFilter && Flag_EcalDeadCellTriggerPrimitiveFilter && Flag_BadPFMuonFilter && (Flag_ecalBadCalibFilter || (year == 2016))  ) && (Trigger_3l) && (nLepSel >= 3) && (allTight(LepSel_isTight[0], LepSel_isTight[1], LepSel_isTight[2])) && (LepZ1_pt >= 25 && LepZ2_pt >= 10 && LepW_pt >= 25) && (minMllSFOS_Mini > 12 || minMllSFOS_Mini == -1) && (abs(LepSel_pdgId[0]) < 15 && abs(LepSel_pdgId[1]) < 15 && abs(LepSel_pdgId[2]) < 15 && nOSSF_3l >= 1) && (m3L >= 100  &&   MET_pt_central  > 30 && abs(mll_3l - 91.16) < 15 && nLepGood < 4 && nBJetTight25_Mini == 0) && (m3L >= 100  && abs(mll_3l - 91.16) < 15 && nLepGood < 4 && nBJetTight25_Mini == 0))}
Error in <TTreeFormula::Compile>:  Bad numerical expression : "year"
Info in <TSelectorDraw::AbortProcess>: Variable compilation failed: {m3Lmet,(1)*(29.62)*((genWeight)*(404.0)*6.29741e-08)*((1) && (Flag_goodVertices && Flag_globalSuperTightHalo2016Filter && Flag_HBHENoiseFilter && Flag_HBHENoiseIsoFilter && Flag_EcalDeadCellTriggerPrimitiveFilter && Flag_BadPFMuonFilter && (Flag_ecalBadCalibFilter || (year == 2016))  ) && (Trigger_3l) && (nLepSel >= 3) && (allTight(LepSel_isTight[0], LepSel_isTight[1], LepSel_isTight[2])) && (LepZ1_pt >= 25 && LepZ2_pt >= 10 && LepW_pt >= 25) && (minMllSFOS_Mini > 12 || minMllSFOS_Mini == -1) && (abs(LepSel_pdgId[0]) < 15 && abs(LepSel_pdgId[1]) < 15 && abs(LepSel_pdgId[2]) < 15 && nOSSF_3l >= 1) && (m3L >= 100  &&   MET_pt_central  > 30 && abs(mll_3l - 91.16) < 15 && nLepGood < 4 && nBJetTight25_Mini == 0) && (m3L >= 100  && abs(mll_3l - 91.16) < 15 && nLepGood < 4 && nBJetTight25_Mini == 0))}
Error in <TTreeFormula::Compile>:  Bad numerical expression : "year"
Info in <TSelectorDraw::AbortProcess>: Variable compilation failed: {m3Lmet,(1)*(29.62)*((genWeight)*(96.9)*6.49595e-07)*((1) && (Flag_goodVertices && Flag_globalSuperTightHalo2016Filter && Flag_HBHENoiseFilter && Flag_HBHENoiseIsoFilter && Flag_EcalDeadCellTriggerPrimitiveFilter && Flag_BadPFMuonFilter && (Flag_ecalBadCalibFilter || (year == 2016))  ) && (Trigger_3l) && (nLepSel >= 3) && (allTight(LepSel_isTight[0], LepSel_isTight[1], LepSel_isTight[2])) && (LepZ1_pt >= 25 && LepZ2_pt >= 10 && LepW_pt >= 25) && (minMllSFOS_Mini > 12 || minMllSFOS_Mini == -1) && (abs(LepSel_pdgId[0]) < 15 && abs(LepSel_pdgId[1]) < 15 && abs(LepSel_pdgId[2]) < 15 && nOSSF_3l >= 1) && (m3L >= 100  &&   MET_pt_central  > 30 && abs(mll_3l - 91.16) < 15 && nLepGood < 4 && nBJetTight25_Mini == 0) && (m3L >= 100  && abs(mll_3l - 91.16) < 15 && nLepGood < 4 && nBJetTight25_Mini == 0))}
Error in <TTreeFormula::Compile>:  Bad numerical expression : "year"
Info in <TSelectorDraw::AbortProcess>: Variable compilation failed: {m3Lmet,(1)*(29.62)*((genWeight)*(6221.3)*2.11148e-05)*((1) && (Flag_goodVertices && Flag_globalSuperTightHalo2016Filter && Flag_HBHENoiseFilter && Flag_HBHENoiseIsoFilter && Flag_EcalDeadCellTriggerPrimitiveFilter && Flag_BadPFMuonFilter && (Flag_ecalBadCalibFilter || (year == 2016))  ) && (Trigger_3l) && (nLepSel >= 3) && (allTight(LepSel_isTight[0], LepSel_isTight[1], LepSel_isTight[2])) && (LepZ1_pt >= 25 && LepZ2_pt >= 10 && LepW_pt >= 25) && (minMllSFOS_Mini > 12 || minMllSFOS_Mini == -1) && (abs(LepSel_pdgId[0]) < 15 && abs(LepSel_pdgId[1]) < 15 && abs(LepSel_pdgId[2]) < 15 && nOSSF_3l >= 1) && (m3L >= 100  &&   MET_pt_central  > 30 && abs(mll_3l - 91.16) < 15 && nLepGood < 4 && nBJetTight25_Mini == 0) && (m3L >= 100  && abs(mll_3l - 91.16) < 15 && nLepGood < 4 && nBJetTight25_Mini == 0))}
multiprocessing.pool.RemoteTraceback: 
"""
Traceback (most recent call last):
  File "/cvmfs/cms.cern.ch/slc7_amd64_gcc10/external/python3/3.9.6-67e5cf5b4952101922f1d4c8474baa39/lib/python3.9/multiprocessing/pool.py", line 125, in worker
    result = (True, func(*args, **kwds))
  File "/cvmfs/cms.cern.ch/slc7_amd64_gcc10/external/python3/3.9.6-67e5cf5b4952101922f1d4c8474baa39/lib/python3.9/multiprocessing/pool.py", line 48, in mapstar
    return list(map(*args))
  File "/mnt_pool/c3_users/user/cvico/WorkSpace/wz-run3/release/CMSSW_12_4_12/python/CMGTools/TTHAnalysis/plotter/mcAnalysis.py", line 23, in _runPlot
    ret = (key,tty.getPlot(plotspec,cut,fsplit=fsplit,closeTreeAfter=closeTree))
  File "/mnt_pool/c3_users/user/cvico/WorkSpace/wz-run3/release/CMSSW_12_4_12/python/CMGTools/TTHAnalysis/plotter/tree2yield.py", line 564, in getPlot
    nominal = self.getPlot(plotspec,cut,fsplit=fsplit,closeTreeAfter=False,noUncertainties=True)
  File "/mnt_pool/c3_users/user/cvico/WorkSpace/wz-run3/release/CMSSW_12_4_12/python/CMGTools/TTHAnalysis/plotter/tree2yield.py", line 617, in getPlot
    ret = self.getPlotRaw(plotspec.name, plotspec.expr, plotspec.bins, cut, plotspec, fsplit=fsplit, closeTreeAfter=closeTreeAfter)
  File "/mnt_pool/c3_users/user/cvico/WorkSpace/wz-run3/release/CMSSW_12_4_12/python/CMGTools/TTHAnalysis/plotter/tree2yield.py", line 717, in getPlotRaw
    histo.SetDirectory(None)
TypeError: void TH1::SetDirectory(TDirectory* dir) =>
    TypeError: could not convert argument 1
"""

The above exception was the direct cause of the following exception:

Traceback (most recent call last):
  File "/mnt_pool/c3_users/user/cvico/WorkSpace/wz-run3/release/CMSSW_12_4_12/src/CMGTools/TTHAnalysis/python/plotter/mcPlots.py", line 1369, in <module>
    plotter.run(mca,cuts,plots)
  File "/mnt_pool/c3_users/user/cvico/WorkSpace/wz-run3/release/CMSSW_12_4_12/src/CMGTools/TTHAnalysis/python/plotter/mcPlots.py", line 708, in run
    pmap = mca.getPlots(pspec,cut,makeSummary=True,closeTreeAfter=True)
  File "/mnt_pool/c3_users/user/cvico/WorkSpace/wz-run3/release/CMSSW_12_4_12/python/CMGTools/TTHAnalysis/plotter/mcAnalysis.py", line 545, in getPlots
    retlist = self._processTasks(_runPlot, tasks, name="plot "+plotspec.name) # list of pairs (idkey, result)
  File "/mnt_pool/c3_users/user/cvico/WorkSpace/wz-run3/release/CMSSW_12_4_12/python/CMGTools/TTHAnalysis/plotter/mcAnalysis.py", line 919, in _processTasks
    retlist += pool.map(func, tasks[i:(i+chunkTasks)], 1)
  File "/cvmfs/cms.cern.ch/slc7_amd64_gcc10/external/python3/3.9.6-67e5cf5b4952101922f1d4c8474baa39/lib/python3.9/multiprocessing/pool.py", line 364, in map
    return self._map_async(func, iterable, mapstar, chunksize).get()
  File "/cvmfs/cms.cern.ch/slc7_amd64_gcc10/external/python3/3.9.6-67e5cf5b4952101922f1d4c8474baa39/lib/python3.9/multiprocessing/pool.py", line 771, in get
    raise self._value
TypeError: void TH1::SetDirectory(TDirectory* dir) =>
    TypeError: could not convert argument 1
